{"/Users/nicolaiokkels/Desktop/Projects/SDTest-Flexment/server/services/userService.js": {"path":"/Users/nicolaiokkels/Desktop/Projects/SDTest-Flexment/server/services/userService.js","statementMap":{"0":{"start":{"line":4,"column":4},"end":{"line":8,"column":5}},"1":{"start":{"line":5,"column":8},"end":{"line":5,"column":21}},"2":{"start":{"line":7,"column":8},"end":{"line":7,"column":20}},"3":{"start":{"line":10,"column":4},"end":{"line":10,"column":16}},"4":{"start":{"line":16,"column":4},"end":{"line":20,"column":5}},"5":{"start":{"line":17,"column":8},"end":{"line":17,"column":21}},"6":{"start":{"line":19,"column":8},"end":{"line":19,"column":20}},"7":{"start":{"line":21,"column":4},"end":{"line":21,"column":16}}},"fnMap":{"0":{"name":"passwordCharConstrain","decl":{"start":{"line":1,"column":16},"end":{"line":1,"column":37}},"loc":{"start":{"line":1,"column":48},"end":{"line":11,"column":1}},"line":1},"1":{"name":"nameCharConstrain","decl":{"start":{"line":13,"column":16},"end":{"line":13,"column":33}},"loc":{"start":{"line":13,"column":40},"end":{"line":22,"column":1}},"line":13}},"branchMap":{"0":{"loc":{"start":{"line":4,"column":4},"end":{"line":8,"column":5}},"type":"if","locations":[{"start":{"line":4,"column":4},"end":{"line":8,"column":5}},{"start":{"line":6,"column":11},"end":{"line":8,"column":5}}],"line":4},"1":{"loc":{"start":{"line":4,"column":7},"end":{"line":4,"column":50}},"type":"binary-expr","locations":[{"start":{"line":4,"column":7},"end":{"line":4,"column":26}},{"start":{"line":4,"column":30},"end":{"line":4,"column":50}}],"line":4},"2":{"loc":{"start":{"line":16,"column":4},"end":{"line":20,"column":5}},"type":"if","locations":[{"start":{"line":16,"column":4},"end":{"line":20,"column":5}},{"start":{"line":18,"column":11},"end":{"line":20,"column":5}}],"line":16}},"s":{"0":2,"1":1,"2":1,"3":2,"4":2,"5":1,"6":1,"7":2},"f":{"0":2,"1":2},"b":{"0":[1,1],"1":[2,1],"2":[1,1]},"_coverageSchema":"1a1c01bbd47fc00a2c39e90264f33305004495a9","hash":"ebb081db75cd73563f6595967031ddc44b2caf3b"}
}
